[2025-03-13T14:15:11.423+0000] {taskinstance.py:1159} INFO - Dependencies all met for dep_context=non-requeueable deps ti=<TaskInstance: process_bronze_and_silver_layer.transform_silver_5mins_incremental scheduled__2025-03-13T14:10:00+00:00 [queued]>
[2025-03-13T14:15:11.427+0000] {taskinstance.py:1159} INFO - Dependencies all met for dep_context=requeueable deps ti=<TaskInstance: process_bronze_and_silver_layer.transform_silver_5mins_incremental scheduled__2025-03-13T14:10:00+00:00 [queued]>
[2025-03-13T14:15:11.428+0000] {taskinstance.py:1361} INFO - Starting attempt 1 of 1
[2025-03-13T14:15:11.509+0000] {taskinstance.py:1382} INFO - Executing <Task(BashOperator): transform_silver_5mins_incremental> on 2025-03-13 14:10:00+00:00
[2025-03-13T14:15:11.512+0000] {standard_task_runner.py:57} INFO - Started process 68958 to run task
[2025-03-13T14:15:11.513+0000] {standard_task_runner.py:84} INFO - Running: ['***', 'tasks', 'run', 'process_bronze_and_silver_layer', 'transform_silver_5mins_incremental', 'scheduled__2025-03-13T14:10:00+00:00', '--job-id', '3361', '--raw', '--subdir', 'DAGS_FOLDER/5mins_processing_pipeline.py', '--cfg-path', '/tmp/tmp54cv72gg']
[2025-03-13T14:15:11.516+0000] {standard_task_runner.py:85} INFO - Job 3361: Subtask transform_silver_5mins_incremental
[2025-03-13T14:15:11.545+0000] {task_command.py:416} INFO - Running <TaskInstance: process_bronze_and_silver_layer.transform_silver_5mins_incremental scheduled__2025-03-13T14:10:00+00:00 [running]> on host c8e526380ef3
[2025-03-13T14:15:11.580+0000] {taskinstance.py:1662} INFO - Exporting env vars: AIRFLOW_CTX_DAG_OWNER='Andrew Tran' AIRFLOW_CTX_DAG_ID='process_bronze_and_silver_layer' AIRFLOW_CTX_TASK_ID='transform_silver_5mins_incremental' AIRFLOW_CTX_EXECUTION_DATE='2025-03-13T14:10:00+00:00' AIRFLOW_CTX_TRY_NUMBER='1' AIRFLOW_CTX_DAG_RUN_ID='scheduled__2025-03-13T14:10:00+00:00'
[2025-03-13T14:15:11.581+0000] {subprocess.py:63} INFO - Tmp dir root location: /tmp
[2025-03-13T14:15:11.581+0000] {subprocess.py:75} INFO - Running command: ['/bin/bash', '-c', 'cd /opt/***/dbt/playstudio_project && export WAREHOUSE_HOST=None && export WAREHOUSE_PASSWORD=None && export WAREHOUSE_USER=None && dbt run --select tag:silver_5mins_incremental --target prod']
[2025-03-13T14:15:11.591+0000] {subprocess.py:86} INFO - Output:
[2025-03-13T14:15:13.313+0000] {subprocess.py:93} INFO - [0m14:15:13  Running with dbt=1.7.18
[2025-03-13T14:15:13.432+0000] {subprocess.py:93} INFO - [0m14:15:13  Registered adapter: postgres=1.7.18
[2025-03-13T14:15:13.449+0000] {subprocess.py:93} INFO - [0m14:15:13  Unable to do partial parsing because a project dependency has been added
[2025-03-13T14:15:14.373+0000] {subprocess.py:93} INFO - [0m14:15:14  Encountered an error:
[2025-03-13T14:15:14.374+0000] {subprocess.py:93} INFO - Compilation Error in test dbt_expectations_expect_row_values_to_have_recent_data_silver_purchases_timestamp__day__Data_should_be_refreshed_daily__1 (models/silver_layer/silver_purchases.yml)
[2025-03-13T14:15:14.374+0000] {subprocess.py:93} INFO -   macro 'dbt_macro__test_expect_row_values_to_have_recent_data' takes no keyword argument 'description'
[2025-03-13T14:15:15.895+0000] {subprocess.py:97} INFO - Command exited with return code 2
[2025-03-13T14:15:15.907+0000] {taskinstance.py:1937} ERROR - Task failed with exception
Traceback (most recent call last):
  File "/home/airflow/.local/lib/python3.10/site-packages/airflow/operators/bash.py", line 210, in execute
    raise AirflowException(
airflow.exceptions.AirflowException: Bash command failed. The command returned a non-zero exit code 2.
[2025-03-13T14:15:15.909+0000] {taskinstance.py:1400} INFO - Marking task as FAILED. dag_id=process_bronze_and_silver_layer, task_id=transform_silver_5mins_incremental, execution_date=20250313T141000, start_date=20250313T141511, end_date=20250313T141515
[2025-03-13T14:15:15.920+0000] {standard_task_runner.py:104} ERROR - Failed to execute job 3361 for task transform_silver_5mins_incremental (Bash command failed. The command returned a non-zero exit code 2.; 68958)
[2025-03-13T14:15:16.205+0000] {local_task_job_runner.py:228} INFO - Task exited with return code 1
[2025-03-13T14:15:16.360+0000] {taskinstance.py:2778} INFO - 0 downstream tasks scheduled from follow-on schedule check
